  [1m[36m (1.2ms)[0m  [1mCREATE TABLE "schema_migrations" ("version" varchar NOT NULL) [0m
  [1m[35m (0.0ms)[0m  select sqlite_version(*)
  [1m[36m (1.0ms)[0m  [1mCREATE UNIQUE INDEX "unique_schema_migrations" ON "schema_migrations" ("version")[0m
  [1m[35mActiveRecord::SchemaMigration Load (0.1ms)[0m  SELECT "schema_migrations".* FROM "schema_migrations"
  [1m[36mActiveRecord::SchemaMigration Load (0.1ms)[0m  [1mSELECT "schema_migrations".* FROM "schema_migrations"[0m
Migrating to CreatePosts (20151230232412)
  [1m[35m (0.1ms)[0m  begin transaction
  [1m[36m (0.4ms)[0m  [1mCREATE TABLE "posts" ("id" INTEGER PRIMARY KEY AUTOINCREMENT NOT NULL, "title" varchar, "description" text, "created_at" datetime NOT NULL, "updated_at" datetime NOT NULL) [0m
  [1m[35mSQL (0.2ms)[0m  INSERT INTO "schema_migrations" ("version") VALUES (?)  [["version", "20151230232412"]]
  [1m[36m (1.3ms)[0m  [1mcommit transaction[0m
  [1m[35mActiveRecord::SchemaMigration Load (0.1ms)[0m  SELECT "schema_migrations".* FROM "schema_migrations"


Started GET "/" for ::1 at 2018-12-17 18:48:41 +0000
  [1m[36mActiveRecord::SchemaMigration Load (0.1ms)[0m  [1mSELECT "schema_migrations".* FROM "schema_migrations"[0m
Processing by Rails::WelcomeController#index as HTML
Completed 500 Internal Server Error in 60ms (ActiveRecord: 0.0ms)

ActionView::MissingTemplate (Missing template rails/welcome/index, rails/application/index with {:locale=>[:en], :formats=>[:html], :variants=>[], :handlers=>[:erb, :builder, :raw, :ruby, :coffee, :jbuilder]}. Searched in:
  * "/Users/sutty/.rvm/gems/ruby-2.3.3/gems/railties-4.2.11/lib/rails/templates"
):
  actionview (4.2.11) lib/action_view/path_set.rb:46:in `find'
  actionview (4.2.11) lib/action_view/lookup_context.rb:121:in `find'
  actionview (4.2.11) lib/action_view/renderer/abstract_renderer.rb:18:in `find_template'
  actionview (4.2.11) lib/action_view/renderer/template_renderer.rb:40:in `determine_template'
  actionview (4.2.11) lib/action_view/renderer/template_renderer.rb:8:in `render'
  actionview (4.2.11) lib/action_view/renderer/renderer.rb:46:in `render_template'
  actionview (4.2.11) lib/action_view/renderer/renderer.rb:27:in `render'
  actionview (4.2.11) lib/action_view/rendering.rb:100:in `_render_template'
  actionpack (4.2.11) lib/action_controller/metal/streaming.rb:217:in `_render_template'
  actionview (4.2.11) lib/action_view/rendering.rb:83:in `render_to_body'
  actionpack (4.2.11) lib/action_controller/metal/rendering.rb:32:in `render_to_body'
  actionpack (4.2.11) lib/action_controller/metal/renderers.rb:37:in `render_to_body'
  actionpack (4.2.11) lib/abstract_controller/rendering.rb:25:in `render'
  actionpack (4.2.11) lib/action_controller/metal/rendering.rb:16:in `render'
  actionpack (4.2.11) lib/action_controller/metal/instrumentation.rb:44:in `block (2 levels) in render'
  /Users/Sutty/.rvm/gems/ruby-2.3.3/gems/activesupport-4.2.11/lib/active_support/core_ext/benchmark.rb:12:in `block in ms'
  /Users/sutty/.rvm/rubies/ruby-2.3.3/lib/ruby/2.3.0/benchmark.rb:308:in `realtime'
  /Users/Sutty/.rvm/gems/ruby-2.3.3/gems/activesupport-4.2.11/lib/active_support/core_ext/benchmark.rb:12:in `ms'
  actionpack (4.2.11) lib/action_controller/metal/instrumentation.rb:44:in `block in render'
  actionpack (4.2.11) lib/action_controller/metal/instrumentation.rb:87:in `cleanup_view_runtime'
  activerecord (4.2.11) lib/active_record/railties/controller_runtime.rb:25:in `cleanup_view_runtime'
  actionpack (4.2.11) lib/action_controller/metal/instrumentation.rb:43:in `render'
  actionpack (4.2.11) lib/action_controller/metal/implicit_render.rb:10:in `default_render'
  actionpack (4.2.11) lib/action_controller/metal/implicit_render.rb:5:in `send_action'
  actionpack (4.2.11) lib/abstract_controller/base.rb:198:in `process_action'
  actionpack (4.2.11) lib/action_controller/metal/rendering.rb:10:in `process_action'
  actionpack (4.2.11) lib/abstract_controller/callbacks.rb:20:in `block in process_action'
  activesupport (4.2.11) lib/active_support/callbacks.rb:117:in `call'
  activesupport (4.2.11) lib/active_support/callbacks.rb:555:in `block (2 levels) in compile'
  activesupport (4.2.11) lib/active_support/callbacks.rb:505:in `call'
  activesupport (4.2.11) lib/active_support/callbacks.rb:92:in `__run_callbacks__'
  activesupport (4.2.11) lib/active_support/callbacks.rb:778:in `_run_process_action_callbacks'
  activesupport (4.2.11) lib/active_support/callbacks.rb:81:in `run_callbacks'
  actionpack (4.2.11) lib/abstract_controller/callbacks.rb:19:in `process_action'
  actionpack (4.2.11) lib/action_controller/metal/rescue.rb:29:in `process_action'
  actionpack (4.2.11) lib/action_controller/metal/instrumentation.rb:32:in `block in process_action'
  activesupport (4.2.11) lib/active_support/notifications.rb:164:in `block in instrument'
  activesupport (4.2.11) lib/active_support/notifications/instrumenter.rb:20:in `instrument'
  activesupport (4.2.11) lib/active_support/notifications.rb:164:in `instrument'
  actionpack (4.2.11) lib/action_controller/metal/instrumentation.rb:30:in `process_action'
  actionpack (4.2.11) lib/action_controller/metal/params_wrapper.rb:250:in `process_action'
  activerecord (4.2.11) lib/active_record/railties/controller_runtime.rb:18:in `process_action'
  actionpack (4.2.11) lib/abstract_controller/base.rb:137:in `process'
  actionview (4.2.11) lib/action_view/rendering.rb:30:in `process'
  actionpack (4.2.11) lib/action_controller/metal.rb:196:in `dispatch'
  actionpack (4.2.11) lib/action_controller/metal/rack_delegation.rb:13:in `dispatch'
  actionpack (4.2.11) lib/action_controller/metal.rb:237:in `block in action'
  actionpack (4.2.11) lib/action_dispatch/routing/route_set.rb:74:in `dispatch'
  actionpack (4.2.11) lib/action_dispatch/routing/route_set.rb:43:in `serve'
  actionpack (4.2.11) lib/action_dispatch/journey/router.rb:43:in `block in serve'
  actionpack (4.2.11) lib/action_dispatch/journey/router.rb:30:in `each'
  actionpack (4.2.11) lib/action_dispatch/journey/router.rb:30:in `serve'
  actionpack (4.2.11) lib/action_dispatch/routing/route_set.rb:817:in `call'
  rack (1.6.11) lib/rack/etag.rb:24:in `call'
  rack (1.6.11) lib/rack/conditionalget.rb:25:in `call'
  rack (1.6.11) lib/rack/head.rb:13:in `call'
  actionpack (4.2.11) lib/action_dispatch/middleware/params_parser.rb:27:in `call'
  actionpack (4.2.11) lib/action_dispatch/middleware/flash.rb:260:in `call'
  rack (1.6.11) lib/rack/session/abstract/id.rb:225:in `context'
  rack (1.6.11) lib/rack/session/abstract/id.rb:220:in `call'
  actionpack (4.2.11) lib/action_dispatch/middleware/cookies.rb:560:in `call'
  activerecord (4.2.11) lib/active_record/query_cache.rb:36:in `call'
  activerecord (4.2.11) lib/active_record/connection_adapters/abstract/connection_pool.rb:653:in `call'
  activerecord (4.2.11) lib/active_record/migration.rb:377:in `call'
  actionpack (4.2.11) lib/action_dispatch/middleware/callbacks.rb:29:in `block in call'
  activesupport (4.2.11) lib/active_support/callbacks.rb:88:in `__run_callbacks__'
  activesupport (4.2.11) lib/active_support/callbacks.rb:778:in `_run_call_callbacks'
  activesupport (4.2.11) lib/active_support/callbacks.rb:81:in `run_callbacks'
  actionpack (4.2.11) lib/action_dispatch/middleware/callbacks.rb:27:in `call'
  actionpack (4.2.11) lib/action_dispatch/middleware/reloader.rb:73:in `call'
  actionpack (4.2.11) lib/action_dispatch/middleware/remote_ip.rb:78:in `call'
  actionpack (4.2.11) lib/action_dispatch/middleware/debug_exceptions.rb:17:in `call'
  actionpack (4.2.11) lib/action_dispatch/middleware/show_exceptions.rb:30:in `call'
  railties (4.2.11) lib/rails/rack/logger.rb:38:in `call_app'
  railties (4.2.11) lib/rails/rack/logger.rb:20:in `block in call'
  activesupport (4.2.11) lib/active_support/tagged_logging.rb:68:in `block in tagged'
  activesupport (4.2.11) lib/active_support/tagged_logging.rb:26:in `tagged'
  activesupport (4.2.11) lib/active_support/tagged_logging.rb:68:in `tagged'
  railties (4.2.11) lib/rails/rack/logger.rb:20:in `call'
  actionpack (4.2.11) lib/action_dispatch/middleware/request_id.rb:21:in `call'
  rack (1.6.11) lib/rack/methodoverride.rb:22:in `call'
  rack (1.6.11) lib/rack/runtime.rb:18:in `call'
  activesupport (4.2.11) lib/active_support/cache/strategy/local_cache_middleware.rb:28:in `call'
  rack (1.6.11) lib/rack/lock.rb:17:in `call'
  actionpack (4.2.11) lib/action_dispatch/middleware/static.rb:120:in `call'
  rack (1.6.11) lib/rack/sendfile.rb:113:in `call'
  railties (4.2.11) lib/rails/engine.rb:518:in `call'
  railties (4.2.11) lib/rails/application.rb:165:in `call'
  rack (1.6.11) lib/rack/lock.rb:17:in `call'
  rack (1.6.11) lib/rack/content_length.rb:15:in `call'
  rack (1.6.11) lib/rack/handler/webrick.rb:88:in `service'
  /Users/sutty/.rvm/rubies/ruby-2.3.3/lib/ruby/2.3.0/webrick/httpserver.rb:140:in `service'
  /Users/sutty/.rvm/rubies/ruby-2.3.3/lib/ruby/2.3.0/webrick/httpserver.rb:96:in `run'
  /Users/sutty/.rvm/rubies/ruby-2.3.3/lib/ruby/2.3.0/webrick/server.rb:296:in `block in start_thread'




Started GET "/" for ::1 at 2018-12-17 18:54:24 +0000
  [1m[36mActiveRecord::SchemaMigration Load (0.5ms)[0m  [1mSELECT "schema_migrations".* FROM "schema_migrations"[0m
Processing by Rails::WelcomeController#index as HTML
  Rendered vendor/cache/ruby/2.3.0/gems/railties-4.2.11/lib/rails/templates/rails/welcome/index.html.erb (3.3ms)
Completed 200 OK in 67ms (Views: 47.4ms | ActiveRecord: 0.0ms)


Started GET "/" for ::1 at 2018-12-18 08:53:55 +0000
  [1m[36mActiveRecord::SchemaMigration Load (0.4ms)[0m  [1mSELECT "schema_migrations".* FROM "schema_migrations"[0m
Processing by Rails::WelcomeController#index as HTML
  Rendered vendor/cache/ruby/2.3.0/gems/railties-4.2.11/lib/rails/templates/rails/welcome/index.html.erb (2.7ms)
Completed 200 OK in 52ms (Views: 23.2ms | ActiveRecord: 0.0ms)


Started GET "/posts" for ::1 at 2018-12-18 08:54:15 +0000
Processing by PostsController#index as HTML
  [1m[35mPost Load (0.8ms)[0m  SELECT "posts".* FROM "posts"
  Rendered posts/index.html.erb within layouts/application (4.4ms)
Completed 200 OK in 1092ms (Views: 1085.7ms | ActiveRecord: 1.3ms)


Started GET "/assets/turbolinks.self-569ee74eaa15c1e2019317ff770b8769b1ec033a0f572a485f64c82ddc8f989e.js?body=1" for ::1 at 2018-12-18 08:54:17 +0000


Started GET "/posts" for ::1 at 2018-12-18 08:58:54 +0000
Processing by PostsController#index as HTML
  [1m[36mPost Load (0.6ms)[0m  [1mSELECT "posts".* FROM "posts"[0m
  Rendered posts/index.html.erb within layouts/application (1.4ms)
Completed 200 OK in 56ms (Views: 52.1ms | ActiveRecord: 0.6ms)


Started GET "/post/1" for ::1 at 2018-12-18 08:58:59 +0000

ActionController::RoutingError (No route matches [GET] "/post/1"):
  vendor/cache/ruby/2.3.0/gems/actionpack-4.2.11/lib/action_dispatch/middleware/debug_exceptions.rb:21:in `call'
  vendor/cache/ruby/2.3.0/gems/actionpack-4.2.11/lib/action_dispatch/middleware/show_exceptions.rb:30:in `call'
  vendor/cache/ruby/2.3.0/gems/railties-4.2.11/lib/rails/rack/logger.rb:38:in `call_app'
  vendor/cache/ruby/2.3.0/gems/railties-4.2.11/lib/rails/rack/logger.rb:20:in `block in call'
  vendor/cache/ruby/2.3.0/gems/activesupport-4.2.11/lib/active_support/tagged_logging.rb:68:in `block in tagged'
  vendor/cache/ruby/2.3.0/gems/activesupport-4.2.11/lib/active_support/tagged_logging.rb:26:in `tagged'
  vendor/cache/ruby/2.3.0/gems/activesupport-4.2.11/lib/active_support/tagged_logging.rb:68:in `tagged'
  vendor/cache/ruby/2.3.0/gems/railties-4.2.11/lib/rails/rack/logger.rb:20:in `call'
  vendor/cache/ruby/2.3.0/gems/actionpack-4.2.11/lib/action_dispatch/middleware/request_id.rb:21:in `call'
  vendor/cache/ruby/2.3.0/gems/rack-1.6.11/lib/rack/methodoverride.rb:22:in `call'
  vendor/cache/ruby/2.3.0/gems/rack-1.6.11/lib/rack/runtime.rb:18:in `call'
  vendor/cache/ruby/2.3.0/gems/activesupport-4.2.11/lib/active_support/cache/strategy/local_cache_middleware.rb:28:in `call'
  vendor/cache/ruby/2.3.0/gems/rack-1.6.11/lib/rack/lock.rb:17:in `call'
  vendor/cache/ruby/2.3.0/gems/actionpack-4.2.11/lib/action_dispatch/middleware/static.rb:120:in `call'
  vendor/cache/ruby/2.3.0/gems/rack-1.6.11/lib/rack/sendfile.rb:113:in `call'
  vendor/cache/ruby/2.3.0/gems/railties-4.2.11/lib/rails/engine.rb:518:in `call'
  vendor/cache/ruby/2.3.0/gems/railties-4.2.11/lib/rails/application.rb:165:in `call'
  vendor/cache/ruby/2.3.0/gems/rack-1.6.11/lib/rack/lock.rb:17:in `call'
  vendor/cache/ruby/2.3.0/gems/rack-1.6.11/lib/rack/content_length.rb:15:in `call'
  vendor/cache/ruby/2.3.0/gems/rack-1.6.11/lib/rack/handler/webrick.rb:88:in `service'
  /Users/sutty/.rvm/rubies/ruby-2.3.3/lib/ruby/2.3.0/webrick/httpserver.rb:140:in `service'
  /Users/sutty/.rvm/rubies/ruby-2.3.3/lib/ruby/2.3.0/webrick/httpserver.rb:96:in `run'
  /Users/sutty/.rvm/rubies/ruby-2.3.3/lib/ruby/2.3.0/webrick/server.rb:296:in `block in start_thread'


  Rendered vendor/cache/ruby/2.3.0/gems/actionpack-4.2.11/lib/action_dispatch/middleware/templates/rescues/_trace.html.erb (2.1ms)
  Rendered vendor/cache/ruby/2.3.0/gems/actionpack-4.2.11/lib/action_dispatch/middleware/templates/routes/_route.html.erb (1.0ms)
  Rendered vendor/cache/ruby/2.3.0/gems/actionpack-4.2.11/lib/action_dispatch/middleware/templates/routes/_table.html.erb (47.4ms)
  Rendered vendor/cache/ruby/2.3.0/gems/actionpack-4.2.11/lib/action_dispatch/middleware/templates/rescues/_request_and_response.html.erb (1.5ms)
  Rendered vendor/cache/ruby/2.3.0/gems/actionpack-4.2.11/lib/action_dispatch/middleware/templates/rescues/routing_error.html.erb within rescues/layout (644.0ms)


Started GET "/posts/1" for ::1 at 2018-12-18 08:59:07 +0000
Processing by PostsController#show as HTML
  Parameters: {"id"=>"1"}
  [1m[35mPost Load (0.7ms)[0m  SELECT  "posts".* FROM "posts" WHERE "posts"."id" = ? LIMIT 1  [["id", 1]]
Completed 404 Not Found in 19ms (ActiveRecord: 1.5ms)

ActiveRecord::RecordNotFound (Couldn't find Post with 'id'=1):
  app/controllers/posts_controller.rb:7:in `show'


  Rendered vendor/cache/ruby/2.3.0/gems/actionpack-4.2.11/lib/action_dispatch/middleware/templates/rescues/_source.erb (19.1ms)
  Rendered vendor/cache/ruby/2.3.0/gems/actionpack-4.2.11/lib/action_dispatch/middleware/templates/rescues/_trace.html.erb (3.9ms)
  Rendered vendor/cache/ruby/2.3.0/gems/actionpack-4.2.11/lib/action_dispatch/middleware/templates/rescues/_request_and_response.html.erb (1.3ms)
  Rendered vendor/cache/ruby/2.3.0/gems/actionpack-4.2.11/lib/action_dispatch/middleware/templates/rescues/diagnostics.html.erb within rescues/layout (527.9ms)


Started GET "/posts/" for ::1 at 2018-12-18 09:07:58 +0000
  [1m[36mActiveRecord::SchemaMigration Load (7.6ms)[0m  [1mSELECT "schema_migrations".* FROM "schema_migrations"[0m
Processing by PostsController#index as HTML
  Rendered posts/index.html.erb within layouts/application (0.7ms)
Completed 500 Internal Server Error in 52ms (ActiveRecord: 0.0ms)

SyntaxError (/Users/Sutty/Desktop/Bootcamp/Rails/rails-url-helpers-readme-london-web-111918/app/views/posts/index.html.erb:10: syntax error, unexpected keyword_ensure, expecting end-of-input):
  app/views/posts/index.html.erb:10: syntax error, unexpected keyword_ensure, expecting end-of-input


  Rendered vendor/cache/ruby/2.3.0/gems/actionpack-4.2.11/lib/action_dispatch/middleware/templates/rescues/_source.erb (5.4ms)
  Rendered vendor/cache/ruby/2.3.0/gems/actionpack-4.2.11/lib/action_dispatch/middleware/templates/rescues/_trace.html.erb (2.7ms)
  Rendered vendor/cache/ruby/2.3.0/gems/actionpack-4.2.11/lib/action_dispatch/middleware/templates/rescues/_request_and_response.html.erb (0.9ms)
  Rendered vendor/cache/ruby/2.3.0/gems/actionpack-4.2.11/lib/action_dispatch/middleware/templates/rescues/diagnostics.html.erb within rescues/layout (162.5ms)


Started GET "/posts/" for ::1 at 2018-12-18 09:08:06 +0000
Processing by PostsController#index as HTML
  Rendered posts/index.html.erb within layouts/application (0.8ms)
Completed 500 Internal Server Error in 15ms (ActiveRecord: 0.0ms)

SyntaxError (/Users/Sutty/Desktop/Bootcamp/Rails/rails-url-helpers-readme-london-web-111918/app/views/posts/index.html.erb:10: syntax error, unexpected keyword_ensure, expecting end-of-input):
  app/views/posts/index.html.erb:10: syntax error, unexpected keyword_ensure, expecting end-of-input


  Rendered vendor/cache/ruby/2.3.0/gems/actionpack-4.2.11/lib/action_dispatch/middleware/templates/rescues/_source.erb (9.4ms)
  Rendered vendor/cache/ruby/2.3.0/gems/actionpack-4.2.11/lib/action_dispatch/middleware/templates/rescues/_trace.html.erb (2.2ms)
  Rendered vendor/cache/ruby/2.3.0/gems/actionpack-4.2.11/lib/action_dispatch/middleware/templates/rescues/_request_and_response.html.erb (0.9ms)
  Rendered vendor/cache/ruby/2.3.0/gems/actionpack-4.2.11/lib/action_dispatch/middleware/templates/rescues/diagnostics.html.erb within rescues/layout (241.8ms)


Started GET "/posts/" for ::1 at 2018-12-18 09:08:42 +0000
Processing by PostsController#index as HTML
  Rendered posts/index.html.erb within layouts/application (0.8ms)
Completed 500 Internal Server Error in 12ms (ActiveRecord: 0.0ms)

SyntaxError (/Users/Sutty/Desktop/Bootcamp/Rails/rails-url-helpers-readme-london-web-111918/app/views/posts/index.html.erb:6: syntax error, unexpected '<', expecting keyword_end
'.freeze;<% @posts.each do |post| 
          ^
/Users/Sutty/Desktop/Bootcamp/Rails/rails-url-helpers-readme-london-web-111918/app/views/posts/index.html.erb:6: syntax error, unexpected keyword_do, expecting keyword_end
'.freeze;<% @posts.each do |post| 
                          ^
/Users/Sutty/Desktop/Bootcamp/Rails/rails-url-helpers-readme-london-web-111918/app/views/posts/index.html.erb:10: syntax error, unexpected keyword_ensure, expecting end-of-input):
  app/views/posts/index.html.erb:6: syntax error, unexpected '<', expecting keyword_end
  app/views/posts/index.html.erb:6: syntax error, unexpected keyword_do, expecting keyword_end
  app/views/posts/index.html.erb:10: syntax error, unexpected keyword_ensure, expecting end-of-input


  Rendered vendor/cache/ruby/2.3.0/gems/actionpack-4.2.11/lib/action_dispatch/middleware/templates/rescues/_source.erb (9.6ms)
  Rendered vendor/cache/ruby/2.3.0/gems/actionpack-4.2.11/lib/action_dispatch/middleware/templates/rescues/_trace.html.erb (3.6ms)
  Rendered vendor/cache/ruby/2.3.0/gems/actionpack-4.2.11/lib/action_dispatch/middleware/templates/rescues/_request_and_response.html.erb (1.4ms)
  Rendered vendor/cache/ruby/2.3.0/gems/actionpack-4.2.11/lib/action_dispatch/middleware/templates/rescues/diagnostics.html.erb within rescues/layout (201.2ms)


Started GET "/posts/" for ::1 at 2018-12-18 09:08:51 +0000
Processing by PostsController#index as HTML
  [1m[35mPost Load (0.3ms)[0m  SELECT "posts".* FROM "posts"
  Rendered posts/index.html.erb within layouts/application (5.5ms)
Completed 200 OK in 934ms (Views: 931.2ms | ActiveRecord: 0.6ms)


Started GET "/posts/" for ::1 at 2018-12-18 09:10:45 +0000
Processing by PostsController#index as HTML
  [1m[36mPost Load (0.2ms)[0m  [1mSELECT "posts".* FROM "posts"[0m
  Rendered posts/index.html.erb within layouts/application (1.9ms)
Completed 200 OK in 38ms (Views: 36.5ms | ActiveRecord: 0.2ms)


Started GET "/posts/" for ::1 at 2018-12-18 09:11:43 +0000
Processing by PostsController#index as HTML
  [1m[35mPost Load (0.3ms)[0m  SELECT "posts".* FROM "posts"
  Rendered posts/index.html.erb within layouts/application (1.4ms)
Completed 200 OK in 50ms (Views: 48.7ms | ActiveRecord: 0.3ms)


Started GET "/posts/1" for ::1 at 2018-12-18 09:12:59 +0000
Processing by PostsController#show as HTML
  Parameters: {"id"=>"1"}
  [1m[36mPost Load (0.2ms)[0m  [1mSELECT  "posts".* FROM "posts" WHERE "posts"."id" = ? LIMIT 1[0m  [["id", 1]]
Completed 404 Not Found in 16ms (ActiveRecord: 0.6ms)

ActiveRecord::RecordNotFound (Couldn't find Post with 'id'=1):
  app/controllers/posts_controller.rb:7:in `show'


  Rendered vendor/cache/ruby/2.3.0/gems/actionpack-4.2.11/lib/action_dispatch/middleware/templates/rescues/_source.erb (3.7ms)
  Rendered vendor/cache/ruby/2.3.0/gems/actionpack-4.2.11/lib/action_dispatch/middleware/templates/rescues/_trace.html.erb (3.5ms)
  Rendered vendor/cache/ruby/2.3.0/gems/actionpack-4.2.11/lib/action_dispatch/middleware/templates/rescues/_request_and_response.html.erb (1.2ms)
  Rendered vendor/cache/ruby/2.3.0/gems/actionpack-4.2.11/lib/action_dispatch/middleware/templates/rescues/diagnostics.html.erb within rescues/layout (228.7ms)


Started GET "/posts/1" for ::1 at 2018-12-18 09:14:13 +0000
Processing by PostsController#show as HTML
  Parameters: {"id"=>"1"}
  [1m[35mPost Load (0.1ms)[0m  SELECT  "posts".* FROM "posts" WHERE "posts"."id" = ? LIMIT 1  [["id", 1]]
Completed 404 Not Found in 1ms (ActiveRecord: 0.1ms)

ActiveRecord::RecordNotFound (Couldn't find Post with 'id'=1):
  app/controllers/posts_controller.rb:7:in `show'


  Rendered vendor/cache/ruby/2.3.0/gems/actionpack-4.2.11/lib/action_dispatch/middleware/templates/rescues/_source.erb (5.7ms)
  Rendered vendor/cache/ruby/2.3.0/gems/actionpack-4.2.11/lib/action_dispatch/middleware/templates/rescues/_trace.html.erb (4.7ms)
  Rendered vendor/cache/ruby/2.3.0/gems/actionpack-4.2.11/lib/action_dispatch/middleware/templates/rescues/_request_and_response.html.erb (0.9ms)
  Rendered vendor/cache/ruby/2.3.0/gems/actionpack-4.2.11/lib/action_dispatch/middleware/templates/rescues/diagnostics.html.erb within rescues/layout (180.1ms)


Started GET "/posts/" for ::1 at 2018-12-18 09:14:16 +0000
Processing by PostsController#index as HTML
  [1m[36mPost Load (0.2ms)[0m  [1mSELECT "posts".* FROM "posts"[0m
  Rendered posts/index.html.erb within layouts/application (1.4ms)
Completed 200 OK in 42ms (Views: 40.5ms | ActiveRecord: 0.2ms)


Started GET "/post" for ::1 at 2018-12-18 09:14:39 +0000

ActionController::RoutingError (No route matches [GET] "/post"):
  vendor/cache/ruby/2.3.0/gems/actionpack-4.2.11/lib/action_dispatch/middleware/debug_exceptions.rb:21:in `call'
  vendor/cache/ruby/2.3.0/gems/actionpack-4.2.11/lib/action_dispatch/middleware/show_exceptions.rb:30:in `call'
  vendor/cache/ruby/2.3.0/gems/railties-4.2.11/lib/rails/rack/logger.rb:38:in `call_app'
  vendor/cache/ruby/2.3.0/gems/railties-4.2.11/lib/rails/rack/logger.rb:20:in `block in call'
  vendor/cache/ruby/2.3.0/gems/activesupport-4.2.11/lib/active_support/tagged_logging.rb:68:in `block in tagged'
  vendor/cache/ruby/2.3.0/gems/activesupport-4.2.11/lib/active_support/tagged_logging.rb:26:in `tagged'
  vendor/cache/ruby/2.3.0/gems/activesupport-4.2.11/lib/active_support/tagged_logging.rb:68:in `tagged'
  vendor/cache/ruby/2.3.0/gems/railties-4.2.11/lib/rails/rack/logger.rb:20:in `call'
  vendor/cache/ruby/2.3.0/gems/actionpack-4.2.11/lib/action_dispatch/middleware/request_id.rb:21:in `call'
  vendor/cache/ruby/2.3.0/gems/rack-1.6.11/lib/rack/methodoverride.rb:22:in `call'
  vendor/cache/ruby/2.3.0/gems/rack-1.6.11/lib/rack/runtime.rb:18:in `call'
  vendor/cache/ruby/2.3.0/gems/activesupport-4.2.11/lib/active_support/cache/strategy/local_cache_middleware.rb:28:in `call'
  vendor/cache/ruby/2.3.0/gems/rack-1.6.11/lib/rack/lock.rb:17:in `call'
  vendor/cache/ruby/2.3.0/gems/actionpack-4.2.11/lib/action_dispatch/middleware/static.rb:120:in `call'
  vendor/cache/ruby/2.3.0/gems/rack-1.6.11/lib/rack/sendfile.rb:113:in `call'
  vendor/cache/ruby/2.3.0/gems/railties-4.2.11/lib/rails/engine.rb:518:in `call'
  vendor/cache/ruby/2.3.0/gems/railties-4.2.11/lib/rails/application.rb:165:in `call'
  vendor/cache/ruby/2.3.0/gems/rack-1.6.11/lib/rack/lock.rb:17:in `call'
  vendor/cache/ruby/2.3.0/gems/rack-1.6.11/lib/rack/content_length.rb:15:in `call'
  vendor/cache/ruby/2.3.0/gems/rack-1.6.11/lib/rack/handler/webrick.rb:88:in `service'
  /Users/sutty/.rvm/rubies/ruby-2.3.3/lib/ruby/2.3.0/webrick/httpserver.rb:140:in `service'
  /Users/sutty/.rvm/rubies/ruby-2.3.3/lib/ruby/2.3.0/webrick/httpserver.rb:96:in `run'
  /Users/sutty/.rvm/rubies/ruby-2.3.3/lib/ruby/2.3.0/webrick/server.rb:296:in `block in start_thread'


  Rendered vendor/cache/ruby/2.3.0/gems/actionpack-4.2.11/lib/action_dispatch/middleware/templates/rescues/_trace.html.erb (4.2ms)
  Rendered vendor/cache/ruby/2.3.0/gems/actionpack-4.2.11/lib/action_dispatch/middleware/templates/routes/_route.html.erb (1.4ms)
  Rendered vendor/cache/ruby/2.3.0/gems/actionpack-4.2.11/lib/action_dispatch/middleware/templates/routes/_table.html.erb (23.9ms)
  Rendered vendor/cache/ruby/2.3.0/gems/actionpack-4.2.11/lib/action_dispatch/middleware/templates/rescues/_request_and_response.html.erb (3.1ms)
  Rendered vendor/cache/ruby/2.3.0/gems/actionpack-4.2.11/lib/action_dispatch/middleware/templates/rescues/routing_error.html.erb within rescues/layout (369.0ms)


Started GET "/post/1" for ::1 at 2018-12-18 09:14:43 +0000

ActionController::RoutingError (No route matches [GET] "/post/1"):
  vendor/cache/ruby/2.3.0/gems/actionpack-4.2.11/lib/action_dispatch/middleware/debug_exceptions.rb:21:in `call'
  vendor/cache/ruby/2.3.0/gems/actionpack-4.2.11/lib/action_dispatch/middleware/show_exceptions.rb:30:in `call'
  vendor/cache/ruby/2.3.0/gems/railties-4.2.11/lib/rails/rack/logger.rb:38:in `call_app'
  vendor/cache/ruby/2.3.0/gems/railties-4.2.11/lib/rails/rack/logger.rb:20:in `block in call'
  vendor/cache/ruby/2.3.0/gems/activesupport-4.2.11/lib/active_support/tagged_logging.rb:68:in `block in tagged'
  vendor/cache/ruby/2.3.0/gems/activesupport-4.2.11/lib/active_support/tagged_logging.rb:26:in `tagged'
  vendor/cache/ruby/2.3.0/gems/activesupport-4.2.11/lib/active_support/tagged_logging.rb:68:in `tagged'
  vendor/cache/ruby/2.3.0/gems/railties-4.2.11/lib/rails/rack/logger.rb:20:in `call'
  vendor/cache/ruby/2.3.0/gems/actionpack-4.2.11/lib/action_dispatch/middleware/request_id.rb:21:in `call'
  vendor/cache/ruby/2.3.0/gems/rack-1.6.11/lib/rack/methodoverride.rb:22:in `call'
  vendor/cache/ruby/2.3.0/gems/rack-1.6.11/lib/rack/runtime.rb:18:in `call'
  vendor/cache/ruby/2.3.0/gems/activesupport-4.2.11/lib/active_support/cache/strategy/local_cache_middleware.rb:28:in `call'
  vendor/cache/ruby/2.3.0/gems/rack-1.6.11/lib/rack/lock.rb:17:in `call'
  vendor/cache/ruby/2.3.0/gems/actionpack-4.2.11/lib/action_dispatch/middleware/static.rb:120:in `call'
  vendor/cache/ruby/2.3.0/gems/rack-1.6.11/lib/rack/sendfile.rb:113:in `call'
  vendor/cache/ruby/2.3.0/gems/railties-4.2.11/lib/rails/engine.rb:518:in `call'
  vendor/cache/ruby/2.3.0/gems/railties-4.2.11/lib/rails/application.rb:165:in `call'
  vendor/cache/ruby/2.3.0/gems/rack-1.6.11/lib/rack/lock.rb:17:in `call'
  vendor/cache/ruby/2.3.0/gems/rack-1.6.11/lib/rack/content_length.rb:15:in `call'
  vendor/cache/ruby/2.3.0/gems/rack-1.6.11/lib/rack/handler/webrick.rb:88:in `service'
  /Users/sutty/.rvm/rubies/ruby-2.3.3/lib/ruby/2.3.0/webrick/httpserver.rb:140:in `service'
  /Users/sutty/.rvm/rubies/ruby-2.3.3/lib/ruby/2.3.0/webrick/httpserver.rb:96:in `run'
  /Users/sutty/.rvm/rubies/ruby-2.3.3/lib/ruby/2.3.0/webrick/server.rb:296:in `block in start_thread'


  Rendered vendor/cache/ruby/2.3.0/gems/actionpack-4.2.11/lib/action_dispatch/middleware/templates/rescues/_trace.html.erb (4.6ms)
  Rendered vendor/cache/ruby/2.3.0/gems/actionpack-4.2.11/lib/action_dispatch/middleware/templates/routes/_route.html.erb (1.3ms)
  Rendered vendor/cache/ruby/2.3.0/gems/actionpack-4.2.11/lib/action_dispatch/middleware/templates/routes/_table.html.erb (1.9ms)
  Rendered vendor/cache/ruby/2.3.0/gems/actionpack-4.2.11/lib/action_dispatch/middleware/templates/rescues/_request_and_response.html.erb (1.5ms)
  Rendered vendor/cache/ruby/2.3.0/gems/actionpack-4.2.11/lib/action_dispatch/middleware/templates/rescues/routing_error.html.erb within rescues/layout (335.8ms)


Started GET "/posts/1" for ::1 at 2018-12-18 09:14:59 +0000
Processing by PostsController#show as HTML
  Parameters: {"id"=>"1"}
  [1m[35mPost Load (0.1ms)[0m  SELECT  "posts".* FROM "posts" WHERE "posts"."id" = ? LIMIT 1  [["id", 1]]
Completed 404 Not Found in 2ms (ActiveRecord: 0.1ms)

ActiveRecord::RecordNotFound (Couldn't find Post with 'id'=1):
  app/controllers/posts_controller.rb:7:in `show'


  Rendered vendor/cache/ruby/2.3.0/gems/actionpack-4.2.11/lib/action_dispatch/middleware/templates/rescues/_source.erb (4.5ms)
  Rendered vendor/cache/ruby/2.3.0/gems/actionpack-4.2.11/lib/action_dispatch/middleware/templates/rescues/_trace.html.erb (2.7ms)
  Rendered vendor/cache/ruby/2.3.0/gems/actionpack-4.2.11/lib/action_dispatch/middleware/templates/rescues/_request_and_response.html.erb (0.7ms)
  Rendered vendor/cache/ruby/2.3.0/gems/actionpack-4.2.11/lib/action_dispatch/middleware/templates/rescues/diagnostics.html.erb within rescues/layout (194.8ms)


Started GET "/posts" for ::1 at 2018-12-18 09:15:30 +0000
Processing by PostsController#index as HTML
  [1m[36mPost Load (0.3ms)[0m  [1mSELECT "posts".* FROM "posts"[0m
  Rendered posts/index.html.erb within layouts/application (0.8ms)
Completed 200 OK in 38ms (Views: 37.3ms | ActiveRecord: 0.3ms)
